2017-03-15 14:36:20,253 [INFO] ============-0.207999944687 sec [start.py line:13]
2017-03-15 14:43:58,463 [INFO] ============-0.37299990654 sec [start.py line:13]
2017-03-15 15:15:54,048 [INFO] ============-0.223000049591 sec [start.py line:13]
2017-03-15 18:01:43,678 [INFO] ============-0.240000009537 sec [start.py line:13]
2017-03-15 18:03:15,029 [INFO] ============-0.220999956131 sec [start.py line:13]
2017-03-15 18:03:43,016 [INFO] ============-0.22000002861 sec [start.py line:13]
2017-03-15 18:07:22,371 [INFO] ============-0.25200009346 sec [start.py line:13]
2017-03-15 18:10:56,875 [INFO] ============0.212999820709 sec [start.py line:13]
2017-03-15 18:17:04,993 [INFO] ============0.223000049591 sec [start.py line:13]
2017-03-15 18:18:04,680 [INFO] ============0.233000040054 sec [start.py line:13]
2017-03-15 18:18:59,092 [INFO] ============0.239000082016 sec [start.py line:13]
2017-03-15 18:20:16,609 [INFO] ============0.226999998093 sec [start.py line:13]
2017-03-15 18:21:17,040 [INFO] ============0.276999950409 sec [start.py line:13]
2017-03-15 18:21:30,444 [INFO] ============3.23200011253 sec [start.py line:13]
2017-03-15 18:23:31,812 [ERROR] Bad Gateway [sample.py line:72]
2017-03-15 18:25:40,723 [INFO] ============0.230000019073 sec [start.py line:13]
2017-03-15 18:25:59,533 [INFO] ============0.236999988556 sec [start.py line:13]
2017-03-15 18:26:01,380 [INFO] ============0.234000205994 sec [start.py line:13]
2017-03-16 15:37:00,584 [INFO] 11111111111 0.0 [baiduPostsBar.py line:51]
2017-03-16 15:37:01,990 [INFO] 22222222222 1.40599989891 [baiduPostsBar.py line:59]
2017-03-16 15:37:01,990 [INFO] -------------1.40599989891 [baiduPostsBar.py line:64]
2017-03-16 15:37:34,964 [INFO] 11111111111 0.0 [baiduPostsBar.py line:51]
2017-03-16 15:37:36,424 [INFO] 22222222222 1.46000003815 [baiduPostsBar.py line:58]
2017-03-16 15:37:36,648 [INFO] 3333333 1.68300008774 [baiduPostsBar.py line:60]
2017-03-16 15:37:36,648 [INFO] -------------1.68300008774 [baiduPostsBar.py line:65]
2017-03-16 15:38:37,930 [INFO] 11111111111 0.0 [baiduPostsBar.py line:51]
2017-03-16 15:38:38,924 [INFO] 9999999 0.993999958038 [baiduPostsBar.py line:56]
2017-03-16 15:38:39,085 [INFO] 22222222222 1.15400004387 [baiduPostsBar.py line:59]
2017-03-16 15:38:39,286 [INFO] 3333333 1.35599994659 [baiduPostsBar.py line:61]
2017-03-16 15:38:39,286 [INFO] -------------1.35599994659 [baiduPostsBar.py line:66]
